Library/Bee/Android/Prj/IL2CPP/Gradle/unityLibrary/build/intermediates/manifest_merge_blame_file/release/manifest-merger-blame-release-report.txt
1<?xml version="1.0" encoding="utf-8"?>
2<manifest xmlns:android="http://schemas.android.com/apk/res/android"
3    xmlns:tools="http://schemas.android.com/tools"
4    package="com.unity3d.player" >
5
6    <uses-sdk
7        android:minSdkVersion="24"
7-->src\main\AndroidManifest.xml
8        android:targetSdkVersion="32" />
8-->src\main\AndroidManifest.xml
9
10    <uses-permission android:name="android.permission.INTERNET" />
10-->src\main\AndroidManifest.xml:3:3-65
10-->src\main\AndroidManifest.xml:3:20-62
11    <uses-permission android:name="android.permission.ACCESS_FINE_LOCATION" />
11-->src\main\AndroidManifest.xml:4:3-77
11-->src\main\AndroidManifest.xml:4:20-74
12    <uses-permission android:name="android.permission.ACCESS_COARSE_LOCATION" />
12-->src\main\AndroidManifest.xml:5:3-79
12-->src\main\AndroidManifest.xml:5:20-76
13
14    <uses-feature android:glEsVersion="0x00030000" />
14-->src\main\AndroidManifest.xml:6:3-52
14-->src\main\AndroidManifest.xml:6:17-49
15    <uses-feature
15-->src\main\AndroidManifest.xml:7:3-89
16        android:name="android.hardware.location.gps"
16-->src\main\AndroidManifest.xml:7:17-61
17        android:required="false" />
17-->src\main\AndroidManifest.xml:7:62-86
18    <uses-feature
18-->src\main\AndroidManifest.xml:8:3-85
19        android:name="android.hardware.location"
19-->src\main\AndroidManifest.xml:8:17-57
20        android:required="false" />
20-->src\main\AndroidManifest.xml:8:58-82
21    <uses-feature
21-->src\main\AndroidManifest.xml:9:3-97
22        android:name="android.hardware.sensor.accelerometer"
22-->src\main\AndroidManifest.xml:9:17-69
23        android:required="false" />
23-->src\main\AndroidManifest.xml:9:70-94
24    <uses-feature
24-->src\main\AndroidManifest.xml:10:3-88
25        android:name="android.hardware.touchscreen"
25-->src\main\AndroidManifest.xml:10:17-60
26        android:required="false" />
26-->src\main\AndroidManifest.xml:10:61-85
27    <uses-feature
27-->src\main\AndroidManifest.xml:11:3-99
28        android:name="android.hardware.touchscreen.multitouch"
28-->src\main\AndroidManifest.xml:11:17-71
29        android:required="false" />
29-->src\main\AndroidManifest.xml:11:72-96
30    <uses-feature
30-->src\main\AndroidManifest.xml:12:3-108
31        android:name="android.hardware.touchscreen.multitouch.distinct"
31-->src\main\AndroidManifest.xml:12:17-80
32        android:required="false" />
32-->src\main\AndroidManifest.xml:12:81-105
33
34    <uses-permission android:name="android.permission.CAMERA" />
34-->src\main\AndroidManifest.xml:34:3-63
34-->src\main\AndroidManifest.xml:34:20-60
35    <uses-permission android:name="android.permission.READ_EXTERNAL_STORAGE" />
35-->src\main\AndroidManifest.xml:35:3-78
35-->src\main\AndroidManifest.xml:35:20-75
36
37    <queries>
37-->src\main\AndroidManifest.xml:36:3-38:13
38        <package android:name="com.google.ar.core" />
38-->src\main\AndroidManifest.xml:37:5-50
38-->src\main\AndroidManifest.xml:37:14-47
39    </queries>
40
41    <uses-permission
41-->src\main\AndroidManifest.xml:39:3-89
42        android:name="android.hardware.camera.ar"
42-->src\main\AndroidManifest.xml:39:20-61
43        android:required="false" />
43-->src\main\AndroidManifest.xml:39:62-86
44
45    <uses-feature
45-->src\main\AndroidManifest.xml:40:3-85
46        android:name="android.hardware.camera.ar"
46-->src\main\AndroidManifest.xml:40:17-58
47        android:required="true" />
47-->src\main\AndroidManifest.xml:40:59-82
48    <uses-feature
48-->src\main\AndroidManifest.xml:41:3-83
49        android:name="com.google.ar.core.depth"
49-->src\main\AndroidManifest.xml:41:17-56
50        android:required="true" />
50-->src\main\AndroidManifest.xml:41:57-80
51
52    <application android:extractNativeLibs="true" >
52-->src\main\AndroidManifest.xml:13:3-33:17
52-->src\main\AndroidManifest.xml:13:16-48
53        <meta-data
53-->src\main\AndroidManifest.xml:14:5-69
54            android:name="unity.splash-mode"
54-->src\main\AndroidManifest.xml:14:16-48
55            android:value="0" />
55-->src\main\AndroidManifest.xml:14:49-66
56        <meta-data
56-->src\main\AndroidManifest.xml:15:5-74
57            android:name="unity.splash-enable"
57-->src\main\AndroidManifest.xml:15:16-50
58            android:value="True" />
58-->src\main\AndroidManifest.xml:15:51-71
59        <meta-data
59-->src\main\AndroidManifest.xml:16:5-78
60            android:name="unity.launch-fullscreen"
60-->src\main\AndroidManifest.xml:16:16-54
61            android:value="True" />
61-->src\main\AndroidManifest.xml:16:55-75
62        <meta-data
62-->src\main\AndroidManifest.xml:17:5-84
63            android:name="unity.allow-resizable-window"
63-->src\main\AndroidManifest.xml:17:16-59
64            android:value="False" />
64-->src\main\AndroidManifest.xml:17:60-81
65        <meta-data
65-->src\main\AndroidManifest.xml:18:5-81
66            android:name="notch.config"
66-->src\main\AndroidManifest.xml:18:16-43
67            android:value="portrait|landscape" />
67-->src\main\AndroidManifest.xml:18:44-78
68        <meta-data
68-->src\main\AndroidManifest.xml:19:5-84
69            android:name="unity.auto-report-fully-drawn"
69-->src\main\AndroidManifest.xml:19:16-60
70            android:value="true" />
70-->src\main\AndroidManifest.xml:19:61-81
71
72        <activity
72-->src\main\AndroidManifest.xml:20:5-27:16
73            android:name="com.unity3d.player.UnityPlayerActivity"
73-->src\main\AndroidManifest.xml:20:15-68
74            android:configChanges="mcc|mnc|locale|touchscreen|keyboard|keyboardHidden|navigation|orientation|screenLayout|uiMode|screenSize|smallestScreenSize|fontScale|layoutDirection|density"
74-->src\main\AndroidManifest.xml:20:180-361
75            android:exported="true"
75-->src\main\AndroidManifest.xml:20:433-456
76            android:hardwareAccelerated="false"
76-->src\main\AndroidManifest.xml:20:397-432
77            android:launchMode="singleTask"
77-->src\main\AndroidManifest.xml:20:148-179
78            android:resizeableActivity="false"
78-->src\main\AndroidManifest.xml:20:362-396
79            android:screenOrientation="fullUser"
79-->src\main\AndroidManifest.xml:20:111-147
80            android:theme="@style/UnityThemeSelector" >
80-->src\main\AndroidManifest.xml:20:69-110
81            <intent-filter>
81-->src\main\AndroidManifest.xml:21:7-24:23
82                <category android:name="android.intent.category.LAUNCHER" />
82-->src\main\AndroidManifest.xml:22:9-69
82-->src\main\AndroidManifest.xml:22:19-66
83
84                <action android:name="android.intent.action.MAIN" />
84-->src\main\AndroidManifest.xml:23:9-61
84-->src\main\AndroidManifest.xml:23:17-58
85            </intent-filter>
86
87            <meta-data
87-->src\main\AndroidManifest.xml:25:7-82
88                android:name="unityplayer.UnityActivity"
88-->src\main\AndroidManifest.xml:25:18-58
89                android:value="true" />
89-->src\main\AndroidManifest.xml:25:59-79
90            <meta-data
90-->src\main\AndroidManifest.xml:26:7-70
91                android:name="notch_support"
91-->src\main\AndroidManifest.xml:26:18-46
92                android:value="true" />
92-->src\main\AndroidManifest.xml:26:47-67
93        </activity>
94
95        <uses-native-library
95-->src\main\AndroidManifest.xml:28:5-87
96            android:name="libOpenCL-pixel.so"
96-->src\main\AndroidManifest.xml:28:26-59
97            android:required="false" />
97-->src\main\AndroidManifest.xml:28:60-84
98        <uses-native-library
98-->src\main\AndroidManifest.xml:28:5-87
99            android:name="libOpenCL.so"
99-->src\main\AndroidManifest.xml:28:26-59
100            android:required="false" />
100-->src\main\AndroidManifest.xml:28:60-84
101
102        <activity
102-->src\main\AndroidManifest.xml:30:5-194
103            android:name="com.google.ar.core.InstallActivity"
103-->src\main\AndroidManifest.xml:30:15-64
104            android:configChanges="keyboardHidden|orientation|screenSize"
104-->src\main\AndroidManifest.xml:30:65-126
105            android:excludeFromRecents="true"
105-->src\main\AndroidManifest.xml:30:127-160
106            android:launchMode="singleTop" />
106-->src\main\AndroidManifest.xml:30:161-191
107
108        <meta-data
108-->src\main\AndroidManifest.xml:31:5-77
109            android:name="com.google.ar.core"
109-->src\main\AndroidManifest.xml:31:16-49
110            android:value="required" />
110-->src\main\AndroidManifest.xml:31:50-74
111        <meta-data
111-->src\main\AndroidManifest.xml:32:5-88
112            android:name="unityplayer.SkipPermissionsDialog"
112-->src\main\AndroidManifest.xml:32:16-64
113            android:value="true" />
113-->src\main\AndroidManifest.xml:32:65-85
114    </application>
115
116</manifest>